<?xml version="1.0" encoding="UTF-8"?>
<testsuite name="com.crud.tasks.trello.mapper.TrelloMapperTestSuite" tests="6" skipped="0" failures="0" errors="0" timestamp="2023-01-13T19:15:02" hostname="Krzysztofs-MacBook-Pro.local" time="0.013">
  <properties/>
  <testcase name="testMapToListDto()" classname="com.crud.tasks.trello.mapper.TrelloMapperTestSuite" time="0.003"/>
  <testcase name="testMapToCardDto()" classname="com.crud.tasks.trello.mapper.TrelloMapperTestSuite" time="0.001"/>
  <testcase name="testMapToBoards()" classname="com.crud.tasks.trello.mapper.TrelloMapperTestSuite" time="0.002"/>
  <testcase name="testMapToCard()" classname="com.crud.tasks.trello.mapper.TrelloMapperTestSuite" time="0.001"/>
  <testcase name="testMapToList()" classname="com.crud.tasks.trello.mapper.TrelloMapperTestSuite" time="0.001"/>
  <testcase name="testMapToBoardsDto()" classname="com.crud.tasks.trello.mapper.TrelloMapperTestSuite" time="0.002"/>
  <system-out><![CDATA[2023-01-13 20:15:02.769  INFO 14960 --- [    Test worker] .b.t.c.SpringBootTestContextBootstrapper : Neither @ContextConfiguration nor @ContextHierarchy found for test class [com.crud.tasks.trello.mapper.TrelloMapperTestSuite], using SpringBootContextLoader
2023-01-13 20:15:02.769  INFO 14960 --- [    Test worker] o.s.t.c.support.AbstractContextLoader    : Could not detect default resource locations for test class [com.crud.tasks.trello.mapper.TrelloMapperTestSuite]: no resource found for suffixes {-context.xml, Context.groovy}.
2023-01-13 20:15:02.770  INFO 14960 --- [    Test worker] t.c.s.AnnotationConfigContextLoaderUtils : Could not detect default configuration classes for test class [com.crud.tasks.trello.mapper.TrelloMapperTestSuite]: TrelloMapperTestSuite does not declare any static, non-private, non-final, nested classes annotated with @Configuration.
2023-01-13 20:15:02.772  INFO 14960 --- [    Test worker] .b.t.c.SpringBootTestContextBootstrapper : Found @SpringBootConfiguration com.crud.tasks.TasksApplication for test class com.crud.tasks.trello.mapper.TrelloMapperTestSuite
2023-01-13 20:15:02.773  INFO 14960 --- [    Test worker] .b.t.c.SpringBootTestContextBootstrapper : Loaded default TestExecutionListener class names from location [META-INF/spring.factories]: [org.springframework.boot.test.autoconfigure.restdocs.RestDocsTestExecutionListener, org.springframework.boot.test.autoconfigure.web.client.MockRestServiceServerResetTestExecutionListener, org.springframework.boot.test.autoconfigure.web.servlet.MockMvcPrintOnlyOnFailureTestExecutionListener, org.springframework.boot.test.autoconfigure.web.servlet.WebDriverTestExecutionListener, org.springframework.boot.test.autoconfigure.webservices.client.MockWebServiceServerTestExecutionListener, org.springframework.boot.test.mock.mockito.MockitoTestExecutionListener, org.springframework.boot.test.mock.mockito.ResetMocksTestExecutionListener, org.springframework.test.context.web.ServletTestExecutionListener, org.springframework.test.context.support.DirtiesContextBeforeModesTestExecutionListener, org.springframework.test.context.event.ApplicationEventsTestExecutionListener, org.springframework.test.context.support.DependencyInjectionTestExecutionListener, org.springframework.test.context.support.DirtiesContextTestExecutionListener, org.springframework.test.context.transaction.TransactionalTestExecutionListener, org.springframework.test.context.jdbc.SqlScriptsTestExecutionListener, org.springframework.test.context.event.EventPublishingTestExecutionListener]
2023-01-13 20:15:02.773  INFO 14960 --- [    Test worker] .b.t.c.SpringBootTestContextBootstrapper : Using TestExecutionListeners: [org.springframework.test.context.web.ServletTestExecutionListener@bd8f424, org.springframework.test.context.support.DirtiesContextBeforeModesTestExecutionListener@620ba2b0, org.springframework.test.context.event.ApplicationEventsTestExecutionListener@6a06b374, org.springframework.boot.test.mock.mockito.MockitoTestExecutionListener@2c634c0, org.springframework.boot.test.autoconfigure.SpringBootDependencyInjectionTestExecutionListener@4e739968, org.springframework.test.context.support.DirtiesContextTestExecutionListener@71d2bc34, org.springframework.test.context.transaction.TransactionalTestExecutionListener@2e903c69, org.springframework.test.context.jdbc.SqlScriptsTestExecutionListener@1dc37d4f, org.springframework.test.context.event.EventPublishingTestExecutionListener@4f290f46, org.springframework.boot.test.autoconfigure.restdocs.RestDocsTestExecutionListener@2bfe398b, org.springframework.boot.test.autoconfigure.web.client.MockRestServiceServerResetTestExecutionListener@4a23be9, org.springframework.boot.test.autoconfigure.web.servlet.MockMvcPrintOnlyOnFailureTestExecutionListener@20d1737, org.springframework.boot.test.autoconfigure.web.servlet.WebDriverTestExecutionListener@5d96b0f, org.springframework.boot.test.autoconfigure.webservices.client.MockWebServiceServerTestExecutionListener@5f31385e, org.springframework.boot.test.mock.mockito.ResetMocksTestExecutionListener@4a592d22]
]]></system-out>
  <system-err><![CDATA[]]></system-err>
</testsuite>
