<?xml version="1.0" encoding="UTF-8"?>
<testsuite name="com.crud.tasks.controller.TaskControllerTest" tests="5" skipped="0" failures="0" errors="0" timestamp="2023-01-14T18:49:50" hostname="Krzysztofs-MacBook-Pro.local" time="0.081">
  <properties/>
  <testcase name="shouldUpdateTask()" classname="com.crud.tasks.controller.TaskControllerTest" time="0.064"/>
  <testcase name="shouldCreateTask()" classname="com.crud.tasks.controller.TaskControllerTest" time="0.003"/>
  <testcase name="shouldGetTask()" classname="com.crud.tasks.controller.TaskControllerTest" time="0.003"/>
  <testcase name="shouldDeleteTask()" classname="com.crud.tasks.controller.TaskControllerTest" time="0.003"/>
  <testcase name="shouldGetTasks()" classname="com.crud.tasks.controller.TaskControllerTest" time="0.005"/>
  <system-out><![CDATA[2023-01-14 19:49:50.637  INFO 23715 --- [    Test worker] .b.t.a.w.s.WebMvcTestContextBootstrapper : Neither @ContextConfiguration nor @ContextHierarchy found for test class [com.crud.tasks.controller.TaskControllerTest], using SpringBootContextLoader
2023-01-14 19:49:50.637  INFO 23715 --- [    Test worker] o.s.t.c.support.AbstractContextLoader    : Could not detect default resource locations for test class [com.crud.tasks.controller.TaskControllerTest]: no resource found for suffixes {-context.xml, Context.groovy}.
2023-01-14 19:49:50.637  INFO 23715 --- [    Test worker] t.c.s.AnnotationConfigContextLoaderUtils : Could not detect default configuration classes for test class [com.crud.tasks.controller.TaskControllerTest]: TaskControllerTest does not declare any static, non-private, non-final, nested classes annotated with @Configuration.
2023-01-14 19:49:50.645  INFO 23715 --- [    Test worker] .b.t.c.SpringBootTestContextBootstrapper : Found @SpringBootConfiguration com.crud.tasks.TasksApplication for test class com.crud.tasks.controller.TaskControllerTest
2023-01-14 19:49:50.645  INFO 23715 --- [    Test worker] .b.t.a.w.s.WebMvcTestContextBootstrapper : Loaded default TestExecutionListener class names from location [META-INF/spring.factories]: [org.springframework.boot.test.autoconfigure.restdocs.RestDocsTestExecutionListener, org.springframework.boot.test.autoconfigure.web.client.MockRestServiceServerResetTestExecutionListener, org.springframework.boot.test.autoconfigure.web.servlet.MockMvcPrintOnlyOnFailureTestExecutionListener, org.springframework.boot.test.autoconfigure.web.servlet.WebDriverTestExecutionListener, org.springframework.boot.test.autoconfigure.webservices.client.MockWebServiceServerTestExecutionListener, org.springframework.boot.test.mock.mockito.MockitoTestExecutionListener, org.springframework.boot.test.mock.mockito.ResetMocksTestExecutionListener, org.springframework.test.context.web.ServletTestExecutionListener, org.springframework.test.context.support.DirtiesContextBeforeModesTestExecutionListener, org.springframework.test.context.event.ApplicationEventsTestExecutionListener, org.springframework.test.context.support.DependencyInjectionTestExecutionListener, org.springframework.test.context.support.DirtiesContextTestExecutionListener, org.springframework.test.context.transaction.TransactionalTestExecutionListener, org.springframework.test.context.jdbc.SqlScriptsTestExecutionListener, org.springframework.test.context.event.EventPublishingTestExecutionListener]
2023-01-14 19:49:50.645  INFO 23715 --- [    Test worker] .b.t.a.w.s.WebMvcTestContextBootstrapper : Using TestExecutionListeners: [org.springframework.test.context.web.ServletTestExecutionListener@6dcf39c6, org.springframework.test.context.support.DirtiesContextBeforeModesTestExecutionListener@1c0f32ad, org.springframework.test.context.event.ApplicationEventsTestExecutionListener@5a4833ab, org.springframework.boot.test.mock.mockito.MockitoTestExecutionListener@1a920154, org.springframework.boot.test.autoconfigure.SpringBootDependencyInjectionTestExecutionListener@e870ac9, org.springframework.test.context.support.DirtiesContextTestExecutionListener@6b78cbee, org.springframework.test.context.transaction.TransactionalTestExecutionListener@70b67841, org.springframework.test.context.jdbc.SqlScriptsTestExecutionListener@7aa44fa2, org.springframework.test.context.event.EventPublishingTestExecutionListener@4c43c37d, org.springframework.boot.test.autoconfigure.restdocs.RestDocsTestExecutionListener@61c946a0, org.springframework.boot.test.autoconfigure.web.client.MockRestServiceServerResetTestExecutionListener@227e4ea8, org.springframework.boot.test.autoconfigure.web.servlet.MockMvcPrintOnlyOnFailureTestExecutionListener@7a7fdc1a, org.springframework.boot.test.autoconfigure.web.servlet.WebDriverTestExecutionListener@28f5a003, org.springframework.boot.test.autoconfigure.webservices.client.MockWebServiceServerTestExecutionListener@3220ffb, org.springframework.boot.test.mock.mockito.ResetMocksTestExecutionListener@53791a39]

  .   ____          _            __ _ _
 /\\ / ___'_ __ _ _(_)_ __  __ _ \ \ \ \
( ( )\___ | '_ | '_| | '_ \/ _` | \ \ \ \
 \\/  ___)| |_)| | | | | || (_| |  ) ) ) )
  '  |____| .__|_| |_|_| |_\__, | / / / /
 =========|_|==============|___/=/_/_/_/
 :: Spring Boot ::               (v2.5.14)

2023-01-14 19:49:50.655  INFO 23715 --- [    Test worker] c.c.tasks.controller.TaskControllerTest  : Starting TaskControllerTest using Java 17.0.2 on Krzysztofs-MacBook-Pro.local with PID 23715 (started by krzysztofblaszczyk in /Users/krzysztofblaszczyk/Documents/Development/Projects/Java/tasks/KodillaAPI)
2023-01-14 19:49:50.655  INFO 23715 --- [    Test worker] c.c.tasks.controller.TaskControllerTest  : No active profile set, falling back to 1 default profile: "default"
2023-01-14 19:49:50.791  INFO 23715 --- [    Test worker] o.s.b.t.m.w.SpringBootMockServletContext : Initializing Spring TestDispatcherServlet ''
2023-01-14 19:49:50.791  INFO 23715 --- [    Test worker] o.s.t.web.servlet.TestDispatcherServlet  : Initializing Servlet ''
2023-01-14 19:49:50.791  INFO 23715 --- [    Test worker] o.s.t.web.servlet.TestDispatcherServlet  : Completed initialization in 0 ms
2023-01-14 19:49:50.795  INFO 23715 --- [    Test worker] c.c.tasks.controller.TaskControllerTest  : Started TaskControllerTest in 0.148 seconds (JVM running for 2.905)
]]></system-out>
  <system-err><![CDATA[]]></system-err>
</testsuite>
