<?xml version="1.0" encoding="UTF-8"?>
<testsuite name="com.crud.tasks.controller.TrelloControllerTest" tests="3" skipped="0" failures="0" errors="0" timestamp="2023-01-17T20:32:42" hostname="Krzysztofs-MacBook-Pro.local" time="0.01">
  <properties/>
  <testcase name="shouldFetchTrelloBoards()" classname="com.crud.tasks.controller.TrelloControllerTest" time="0.004"/>
  <testcase name="shouldFetchEmptyTrelloBoards()" classname="com.crud.tasks.controller.TrelloControllerTest" time="0.002"/>
  <testcase name="shouldCreateTrelloCard()" classname="com.crud.tasks.controller.TrelloControllerTest" time="0.003"/>
  <system-out><![CDATA[2023-01-17 21:32:41.950  INFO 1228 --- [    Test worker] o.s.t.c.support.AbstractContextLoader    : Could not detect default resource locations for test class [com.crud.tasks.controller.TrelloControllerTest]: no resource found for suffixes {-context.xml, Context.groovy}.
2023-01-17 21:32:41.950  INFO 1228 --- [    Test worker] t.c.s.AnnotationConfigContextLoaderUtils : Could not detect default configuration classes for test class [com.crud.tasks.controller.TrelloControllerTest]: TrelloControllerTest does not declare any static, non-private, non-final, nested classes annotated with @Configuration.
2023-01-17 21:32:41.952  INFO 1228 --- [    Test worker] .b.t.c.SpringBootTestContextBootstrapper : Found @SpringBootConfiguration com.crud.tasks.TasksApplication for test class com.crud.tasks.controller.TrelloControllerTest
2023-01-17 21:32:41.952  INFO 1228 --- [    Test worker] .b.t.a.w.s.WebMvcTestContextBootstrapper : Loaded default TestExecutionListener class names from location [META-INF/spring.factories]: [org.springframework.boot.test.autoconfigure.restdocs.RestDocsTestExecutionListener, org.springframework.boot.test.autoconfigure.web.client.MockRestServiceServerResetTestExecutionListener, org.springframework.boot.test.autoconfigure.web.servlet.MockMvcPrintOnlyOnFailureTestExecutionListener, org.springframework.boot.test.autoconfigure.web.servlet.WebDriverTestExecutionListener, org.springframework.boot.test.autoconfigure.webservices.client.MockWebServiceServerTestExecutionListener, org.springframework.boot.test.mock.mockito.MockitoTestExecutionListener, org.springframework.boot.test.mock.mockito.ResetMocksTestExecutionListener, org.springframework.test.context.web.ServletTestExecutionListener, org.springframework.test.context.support.DirtiesContextBeforeModesTestExecutionListener, org.springframework.test.context.event.ApplicationEventsTestExecutionListener, org.springframework.test.context.support.DependencyInjectionTestExecutionListener, org.springframework.test.context.support.DirtiesContextTestExecutionListener, org.springframework.test.context.transaction.TransactionalTestExecutionListener, org.springframework.test.context.jdbc.SqlScriptsTestExecutionListener, org.springframework.test.context.event.EventPublishingTestExecutionListener]
2023-01-17 21:32:41.952  INFO 1228 --- [    Test worker] .b.t.a.w.s.WebMvcTestContextBootstrapper : Using TestExecutionListeners: [org.springframework.test.context.web.ServletTestExecutionListener@34b56a5a, org.springframework.test.context.support.DirtiesContextBeforeModesTestExecutionListener@509e4bc4, org.springframework.test.context.event.ApplicationEventsTestExecutionListener@1ba00c0c, org.springframework.boot.test.mock.mockito.MockitoTestExecutionListener@3a35a792, org.springframework.boot.test.autoconfigure.SpringBootDependencyInjectionTestExecutionListener@254dfd34, org.springframework.test.context.support.DirtiesContextTestExecutionListener@72f4232, org.springframework.test.context.transaction.TransactionalTestExecutionListener@1c74eeb7, org.springframework.test.context.jdbc.SqlScriptsTestExecutionListener@beac39c, org.springframework.test.context.event.EventPublishingTestExecutionListener@41843b88, org.springframework.boot.test.autoconfigure.restdocs.RestDocsTestExecutionListener@3cc7cf58, org.springframework.boot.test.autoconfigure.web.client.MockRestServiceServerResetTestExecutionListener@7fd8f21, org.springframework.boot.test.autoconfigure.web.servlet.MockMvcPrintOnlyOnFailureTestExecutionListener@5a564a61, org.springframework.boot.test.autoconfigure.web.servlet.WebDriverTestExecutionListener@3aee72d8, org.springframework.boot.test.autoconfigure.webservices.client.MockWebServiceServerTestExecutionListener@38d1c7d2, org.springframework.boot.test.mock.mockito.ResetMocksTestExecutionListener@533ed36e]

  .   ____          _            __ _ _
 /\\ / ___'_ __ _ _(_)_ __  __ _ \ \ \ \
( ( )\___ | '_ | '_| | '_ \/ _` | \ \ \ \
 \\/  ___)| |_)| | | | | || (_| |  ) ) ) )
  '  |____| .__|_| |_|_| |_\__, | / / / /
 =========|_|==============|___/=/_/_/_/
 :: Spring Boot ::               (v2.5.14)

2023-01-17 21:32:41.962  INFO 1228 --- [    Test worker] c.c.t.controller.TrelloControllerTest    : Starting TrelloControllerTest using Java 17.0.2 on Krzysztofs-MacBook-Pro.local with PID 1228 (started by krzysztofblaszczyk in /Users/krzysztofblaszczyk/Documents/Development/Projects/Java/tasks/KodillaAPI)
2023-01-17 21:32:41.962  INFO 1228 --- [    Test worker] c.c.t.controller.TrelloControllerTest    : No active profile set, falling back to 1 default profile: "default"
2023-01-17 21:32:42.075  INFO 1228 --- [    Test worker] o.s.b.t.m.w.SpringBootMockServletContext : Initializing Spring TestDispatcherServlet ''
2023-01-17 21:32:42.075  INFO 1228 --- [    Test worker] o.s.t.web.servlet.TestDispatcherServlet  : Initializing Servlet ''
2023-01-17 21:32:42.075  INFO 1228 --- [    Test worker] o.s.t.web.servlet.TestDispatcherServlet  : Completed initialization in 0 ms
2023-01-17 21:32:42.079  INFO 1228 --- [    Test worker] c.c.t.controller.TrelloControllerTest    : Started TrelloControllerTest in 0.126 seconds (JVM running for 2.833)
]]></system-out>
  <system-err><![CDATA[]]></system-err>
</testsuite>
