<?xml version="1.0" encoding="UTF-8"?>
<testsuite name="com.crud.tasks.trello.validator.TrelloValidatorTest" tests="1" skipped="0" failures="0" errors="0" timestamp="2023-01-14T18:55:35" hostname="Krzysztofs-MacBook-Pro.local" time="0.002">
  <properties/>
  <testcase name="testValidateTrelloBoards()" classname="com.crud.tasks.trello.validator.TrelloValidatorTest" time="0.002"/>
  <system-out><![CDATA[2023-01-14 19:55:35.360  INFO 24267 --- [    Test worker] .b.t.c.SpringBootTestContextBootstrapper : Neither @ContextConfiguration nor @ContextHierarchy found for test class [com.crud.tasks.trello.validator.TrelloValidatorTest], using SpringBootContextLoader
2023-01-14 19:55:35.360  INFO 24267 --- [    Test worker] o.s.t.c.support.AbstractContextLoader    : Could not detect default resource locations for test class [com.crud.tasks.trello.validator.TrelloValidatorTest]: no resource found for suffixes {-context.xml, Context.groovy}.
2023-01-14 19:55:35.360  INFO 24267 --- [    Test worker] t.c.s.AnnotationConfigContextLoaderUtils : Could not detect default configuration classes for test class [com.crud.tasks.trello.validator.TrelloValidatorTest]: TrelloValidatorTest does not declare any static, non-private, non-final, nested classes annotated with @Configuration.
2023-01-14 19:55:35.362  INFO 24267 --- [    Test worker] .b.t.c.SpringBootTestContextBootstrapper : Found @SpringBootConfiguration com.crud.tasks.TasksApplication for test class com.crud.tasks.trello.validator.TrelloValidatorTest
2023-01-14 19:55:35.362  INFO 24267 --- [    Test worker] .b.t.c.SpringBootTestContextBootstrapper : Loaded default TestExecutionListener class names from location [META-INF/spring.factories]: [org.springframework.boot.test.autoconfigure.restdocs.RestDocsTestExecutionListener, org.springframework.boot.test.autoconfigure.web.client.MockRestServiceServerResetTestExecutionListener, org.springframework.boot.test.autoconfigure.web.servlet.MockMvcPrintOnlyOnFailureTestExecutionListener, org.springframework.boot.test.autoconfigure.web.servlet.WebDriverTestExecutionListener, org.springframework.boot.test.autoconfigure.webservices.client.MockWebServiceServerTestExecutionListener, org.springframework.boot.test.mock.mockito.MockitoTestExecutionListener, org.springframework.boot.test.mock.mockito.ResetMocksTestExecutionListener, org.springframework.test.context.web.ServletTestExecutionListener, org.springframework.test.context.support.DirtiesContextBeforeModesTestExecutionListener, org.springframework.test.context.event.ApplicationEventsTestExecutionListener, org.springframework.test.context.support.DependencyInjectionTestExecutionListener, org.springframework.test.context.support.DirtiesContextTestExecutionListener, org.springframework.test.context.transaction.TransactionalTestExecutionListener, org.springframework.test.context.jdbc.SqlScriptsTestExecutionListener, org.springframework.test.context.event.EventPublishingTestExecutionListener]
2023-01-14 19:55:35.362  INFO 24267 --- [    Test worker] .b.t.c.SpringBootTestContextBootstrapper : Using TestExecutionListeners: [org.springframework.test.context.web.ServletTestExecutionListener@6092d41, org.springframework.test.context.support.DirtiesContextBeforeModesTestExecutionListener@a263df9, org.springframework.test.context.event.ApplicationEventsTestExecutionListener@71d4b83b, org.springframework.boot.test.mock.mockito.MockitoTestExecutionListener@33d828b3, org.springframework.boot.test.autoconfigure.SpringBootDependencyInjectionTestExecutionListener@7c7478ac, org.springframework.test.context.support.DirtiesContextTestExecutionListener@47864b2e, org.springframework.test.context.transaction.TransactionalTestExecutionListener@13473685, org.springframework.test.context.jdbc.SqlScriptsTestExecutionListener@61a809ee, org.springframework.test.context.event.EventPublishingTestExecutionListener@3ec6bc6f, org.springframework.boot.test.autoconfigure.restdocs.RestDocsTestExecutionListener@4b6c5fa2, org.springframework.boot.test.autoconfigure.web.client.MockRestServiceServerResetTestExecutionListener@6135bb54, org.springframework.boot.test.autoconfigure.web.servlet.MockMvcPrintOnlyOnFailureTestExecutionListener@407339e5, org.springframework.boot.test.autoconfigure.web.servlet.WebDriverTestExecutionListener@4b5dd040, org.springframework.boot.test.autoconfigure.webservices.client.MockWebServiceServerTestExecutionListener@62e507c6, org.springframework.boot.test.mock.mockito.ResetMocksTestExecutionListener@2e46ffd5]
2023-01-14 19:55:35.364  INFO 24267 --- [    Test worker] c.c.t.trello.validator.TrelloValidator   : Starting filtering boards...
2023-01-14 19:55:35.364  INFO 24267 --- [    Test worker] c.c.t.trello.validator.TrelloValidator   : Boards have been filtered. Current list size: 1
]]></system-out>
  <system-err><![CDATA[]]></system-err>
</testsuite>
