<?xml version="1.0" encoding="UTF-8"?>
<testsuite name="com.crud.tasks.trello.validator.TrelloValidatorTest" tests="1" skipped="0" failures="0" errors="0" timestamp="2023-01-13T19:15:02" hostname="Krzysztofs-MacBook-Pro.local" time="0.002">
  <properties/>
  <testcase name="testValidateTrelloBoards()" classname="com.crud.tasks.trello.validator.TrelloValidatorTest" time="0.002"/>
  <system-out><![CDATA[2023-01-13 20:15:02.788  INFO 14960 --- [    Test worker] .b.t.c.SpringBootTestContextBootstrapper : Neither @ContextConfiguration nor @ContextHierarchy found for test class [com.crud.tasks.trello.validator.TrelloValidatorTest], using SpringBootContextLoader
2023-01-13 20:15:02.789  INFO 14960 --- [    Test worker] o.s.t.c.support.AbstractContextLoader    : Could not detect default resource locations for test class [com.crud.tasks.trello.validator.TrelloValidatorTest]: no resource found for suffixes {-context.xml, Context.groovy}.
2023-01-13 20:15:02.789  INFO 14960 --- [    Test worker] t.c.s.AnnotationConfigContextLoaderUtils : Could not detect default configuration classes for test class [com.crud.tasks.trello.validator.TrelloValidatorTest]: TrelloValidatorTest does not declare any static, non-private, non-final, nested classes annotated with @Configuration.
2023-01-13 20:15:02.791  INFO 14960 --- [    Test worker] .b.t.c.SpringBootTestContextBootstrapper : Found @SpringBootConfiguration com.crud.tasks.TasksApplication for test class com.crud.tasks.trello.validator.TrelloValidatorTest
2023-01-13 20:15:02.792  INFO 14960 --- [    Test worker] .b.t.c.SpringBootTestContextBootstrapper : Loaded default TestExecutionListener class names from location [META-INF/spring.factories]: [org.springframework.boot.test.autoconfigure.restdocs.RestDocsTestExecutionListener, org.springframework.boot.test.autoconfigure.web.client.MockRestServiceServerResetTestExecutionListener, org.springframework.boot.test.autoconfigure.web.servlet.MockMvcPrintOnlyOnFailureTestExecutionListener, org.springframework.boot.test.autoconfigure.web.servlet.WebDriverTestExecutionListener, org.springframework.boot.test.autoconfigure.webservices.client.MockWebServiceServerTestExecutionListener, org.springframework.boot.test.mock.mockito.MockitoTestExecutionListener, org.springframework.boot.test.mock.mockito.ResetMocksTestExecutionListener, org.springframework.test.context.web.ServletTestExecutionListener, org.springframework.test.context.support.DirtiesContextBeforeModesTestExecutionListener, org.springframework.test.context.event.ApplicationEventsTestExecutionListener, org.springframework.test.context.support.DependencyInjectionTestExecutionListener, org.springframework.test.context.support.DirtiesContextTestExecutionListener, org.springframework.test.context.transaction.TransactionalTestExecutionListener, org.springframework.test.context.jdbc.SqlScriptsTestExecutionListener, org.springframework.test.context.event.EventPublishingTestExecutionListener]
2023-01-13 20:15:02.792  INFO 14960 --- [    Test worker] .b.t.c.SpringBootTestContextBootstrapper : Using TestExecutionListeners: [org.springframework.test.context.web.ServletTestExecutionListener@106dee26, org.springframework.test.context.support.DirtiesContextBeforeModesTestExecutionListener@6b0aa757, org.springframework.test.context.event.ApplicationEventsTestExecutionListener@2f4b2ee3, org.springframework.boot.test.mock.mockito.MockitoTestExecutionListener@1d0695da, org.springframework.boot.test.autoconfigure.SpringBootDependencyInjectionTestExecutionListener@62e55482, org.springframework.test.context.support.DirtiesContextTestExecutionListener@5ceb6796, org.springframework.test.context.transaction.TransactionalTestExecutionListener@2aa176de, org.springframework.test.context.jdbc.SqlScriptsTestExecutionListener@3208e15, org.springframework.test.context.event.EventPublishingTestExecutionListener@4ba99bb7, org.springframework.boot.test.autoconfigure.restdocs.RestDocsTestExecutionListener@4cf99283, org.springframework.boot.test.autoconfigure.web.client.MockRestServiceServerResetTestExecutionListener@6d4f1a44, org.springframework.boot.test.autoconfigure.web.servlet.MockMvcPrintOnlyOnFailureTestExecutionListener@6a9861de, org.springframework.boot.test.autoconfigure.web.servlet.WebDriverTestExecutionListener@6deb2b19, org.springframework.boot.test.autoconfigure.webservices.client.MockWebServiceServerTestExecutionListener@6d86d1ad, org.springframework.boot.test.mock.mockito.ResetMocksTestExecutionListener@780e6b63]
2023-01-13 20:15:02.794  INFO 14960 --- [    Test worker] c.c.t.trello.validator.TrelloValidator   : Starting filtering boards...
2023-01-13 20:15:02.795  INFO 14960 --- [    Test worker] c.c.t.trello.validator.TrelloValidator   : Boards have been filtered. Current list size: 1
]]></system-out>
  <system-err><![CDATA[]]></system-err>
</testsuite>
