<?xml version="1.0" encoding="UTF-8"?>
<testsuite name="com.crud.tasks.service.SimpleEmailServiceTest" tests="1" skipped="0" failures="0" errors="0" timestamp="2023-01-13T19:15:02" hostname="Krzysztofs-MacBook-Pro.local" time="0.047">
  <properties/>
  <testcase name="shouldSendEmail()" classname="com.crud.tasks.service.SimpleEmailServiceTest" time="0.047"/>
  <system-out><![CDATA[2023-01-13 20:15:02.564  INFO 14960 --- [    Test worker] c.crud.tasks.service.SimpleEmailService  : Starting email preparation...
2023-01-13 20:15:02.564  INFO 14960 --- [    Test worker] c.crud.tasks.service.SimpleEmailService  : Cc has been added.
2023-01-13 20:15:02.568  INFO 14960 --- [    Test worker] c.crud.tasks.service.SimpleEmailService  : Email has been sent.
]]></system-out>
  <system-err><![CDATA[]]></system-err>
</testsuite>
