<?xml version="1.0" encoding="UTF-8"?>
<testsuite name="com.crud.tasks.trello.validator.TrelloValidatorTest" tests="1" skipped="0" failures="0" errors="0" timestamp="2023-01-17T20:32:42" hostname="Krzysztofs-MacBook-Pro.local" time="0.001">
  <properties/>
  <testcase name="testValidateTrelloBoards()" classname="com.crud.tasks.trello.validator.TrelloValidatorTest" time="0.001"/>
  <system-out><![CDATA[2023-01-17 21:32:42.222  INFO 1228 --- [    Test worker] .b.t.c.SpringBootTestContextBootstrapper : Neither @ContextConfiguration nor @ContextHierarchy found for test class [com.crud.tasks.trello.validator.TrelloValidatorTest], using SpringBootContextLoader
2023-01-17 21:32:42.223  INFO 1228 --- [    Test worker] o.s.t.c.support.AbstractContextLoader    : Could not detect default resource locations for test class [com.crud.tasks.trello.validator.TrelloValidatorTest]: no resource found for suffixes {-context.xml, Context.groovy}.
2023-01-17 21:32:42.223  INFO 1228 --- [    Test worker] t.c.s.AnnotationConfigContextLoaderUtils : Could not detect default configuration classes for test class [com.crud.tasks.trello.validator.TrelloValidatorTest]: TrelloValidatorTest does not declare any static, non-private, non-final, nested classes annotated with @Configuration.
2023-01-17 21:32:42.224  INFO 1228 --- [    Test worker] .b.t.c.SpringBootTestContextBootstrapper : Found @SpringBootConfiguration com.crud.tasks.TasksApplication for test class com.crud.tasks.trello.validator.TrelloValidatorTest
2023-01-17 21:32:42.224  INFO 1228 --- [    Test worker] .b.t.c.SpringBootTestContextBootstrapper : Loaded default TestExecutionListener class names from location [META-INF/spring.factories]: [org.springframework.boot.test.autoconfigure.restdocs.RestDocsTestExecutionListener, org.springframework.boot.test.autoconfigure.web.client.MockRestServiceServerResetTestExecutionListener, org.springframework.boot.test.autoconfigure.web.servlet.MockMvcPrintOnlyOnFailureTestExecutionListener, org.springframework.boot.test.autoconfigure.web.servlet.WebDriverTestExecutionListener, org.springframework.boot.test.autoconfigure.webservices.client.MockWebServiceServerTestExecutionListener, org.springframework.boot.test.mock.mockito.MockitoTestExecutionListener, org.springframework.boot.test.mock.mockito.ResetMocksTestExecutionListener, org.springframework.test.context.web.ServletTestExecutionListener, org.springframework.test.context.support.DirtiesContextBeforeModesTestExecutionListener, org.springframework.test.context.event.ApplicationEventsTestExecutionListener, org.springframework.test.context.support.DependencyInjectionTestExecutionListener, org.springframework.test.context.support.DirtiesContextTestExecutionListener, org.springframework.test.context.transaction.TransactionalTestExecutionListener, org.springframework.test.context.jdbc.SqlScriptsTestExecutionListener, org.springframework.test.context.event.EventPublishingTestExecutionListener]
2023-01-17 21:32:42.225  INFO 1228 --- [    Test worker] .b.t.c.SpringBootTestContextBootstrapper : Using TestExecutionListeners: [org.springframework.test.context.web.ServletTestExecutionListener@2004f99, org.springframework.test.context.support.DirtiesContextBeforeModesTestExecutionListener@d200d3e, org.springframework.test.context.event.ApplicationEventsTestExecutionListener@39fbee74, org.springframework.boot.test.mock.mockito.MockitoTestExecutionListener@20c5b5f8, org.springframework.boot.test.autoconfigure.SpringBootDependencyInjectionTestExecutionListener@20395afe, org.springframework.test.context.support.DirtiesContextTestExecutionListener@2dfdea3a, org.springframework.test.context.transaction.TransactionalTestExecutionListener@4b1339bf, org.springframework.test.context.jdbc.SqlScriptsTestExecutionListener@46f43f50, org.springframework.test.context.event.EventPublishingTestExecutionListener@2cf073da, org.springframework.boot.test.autoconfigure.restdocs.RestDocsTestExecutionListener@6e1ef044, org.springframework.boot.test.autoconfigure.web.client.MockRestServiceServerResetTestExecutionListener@3c92f2f9, org.springframework.boot.test.autoconfigure.web.servlet.MockMvcPrintOnlyOnFailureTestExecutionListener@5b7b5484, org.springframework.boot.test.autoconfigure.web.servlet.WebDriverTestExecutionListener@743a9292, org.springframework.boot.test.autoconfigure.webservices.client.MockWebServiceServerTestExecutionListener@6dbfd081, org.springframework.boot.test.mock.mockito.ResetMocksTestExecutionListener@4691e2f5]
2023-01-17 21:32:42.226  INFO 1228 --- [    Test worker] c.c.t.trello.validator.TrelloValidator   : Starting filtering boards...
2023-01-17 21:32:42.226  INFO 1228 --- [    Test worker] c.c.t.trello.validator.TrelloValidator   : Boards have been filtered. Current list size: 1
]]></system-out>
  <system-err><![CDATA[]]></system-err>
</testsuite>
