<?xml version="1.0" encoding="UTF-8"?>
<testsuite name="com.crud.tasks.trello.mapper.TrelloMapperTestSuite" tests="6" skipped="0" failures="0" errors="0" timestamp="2023-01-14T18:55:35" hostname="Krzysztofs-MacBook-Pro.local" time="0.008">
  <properties/>
  <testcase name="testMapToListDto()" classname="com.crud.tasks.trello.mapper.TrelloMapperTestSuite" time="0.002"/>
  <testcase name="testMapToCardDto()" classname="com.crud.tasks.trello.mapper.TrelloMapperTestSuite" time="0.001"/>
  <testcase name="testMapToBoards()" classname="com.crud.tasks.trello.mapper.TrelloMapperTestSuite" time="0.001"/>
  <testcase name="testMapToCard()" classname="com.crud.tasks.trello.mapper.TrelloMapperTestSuite" time="0.001"/>
  <testcase name="testMapToList()" classname="com.crud.tasks.trello.mapper.TrelloMapperTestSuite" time="0.001"/>
  <testcase name="testMapToBoardsDto()" classname="com.crud.tasks.trello.mapper.TrelloMapperTestSuite" time="0.001"/>
  <system-out><![CDATA[2023-01-14 19:55:35.347  INFO 24267 --- [    Test worker] .b.t.c.SpringBootTestContextBootstrapper : Neither @ContextConfiguration nor @ContextHierarchy found for test class [com.crud.tasks.trello.mapper.TrelloMapperTestSuite], using SpringBootContextLoader
2023-01-14 19:55:35.347  INFO 24267 --- [    Test worker] o.s.t.c.support.AbstractContextLoader    : Could not detect default resource locations for test class [com.crud.tasks.trello.mapper.TrelloMapperTestSuite]: no resource found for suffixes {-context.xml, Context.groovy}.
2023-01-14 19:55:35.347  INFO 24267 --- [    Test worker] t.c.s.AnnotationConfigContextLoaderUtils : Could not detect default configuration classes for test class [com.crud.tasks.trello.mapper.TrelloMapperTestSuite]: TrelloMapperTestSuite does not declare any static, non-private, non-final, nested classes annotated with @Configuration.
2023-01-14 19:55:35.349  INFO 24267 --- [    Test worker] .b.t.c.SpringBootTestContextBootstrapper : Found @SpringBootConfiguration com.crud.tasks.TasksApplication for test class com.crud.tasks.trello.mapper.TrelloMapperTestSuite
2023-01-14 19:55:35.350  INFO 24267 --- [    Test worker] .b.t.c.SpringBootTestContextBootstrapper : Loaded default TestExecutionListener class names from location [META-INF/spring.factories]: [org.springframework.boot.test.autoconfigure.restdocs.RestDocsTestExecutionListener, org.springframework.boot.test.autoconfigure.web.client.MockRestServiceServerResetTestExecutionListener, org.springframework.boot.test.autoconfigure.web.servlet.MockMvcPrintOnlyOnFailureTestExecutionListener, org.springframework.boot.test.autoconfigure.web.servlet.WebDriverTestExecutionListener, org.springframework.boot.test.autoconfigure.webservices.client.MockWebServiceServerTestExecutionListener, org.springframework.boot.test.mock.mockito.MockitoTestExecutionListener, org.springframework.boot.test.mock.mockito.ResetMocksTestExecutionListener, org.springframework.test.context.web.ServletTestExecutionListener, org.springframework.test.context.support.DirtiesContextBeforeModesTestExecutionListener, org.springframework.test.context.event.ApplicationEventsTestExecutionListener, org.springframework.test.context.support.DependencyInjectionTestExecutionListener, org.springframework.test.context.support.DirtiesContextTestExecutionListener, org.springframework.test.context.transaction.TransactionalTestExecutionListener, org.springframework.test.context.jdbc.SqlScriptsTestExecutionListener, org.springframework.test.context.event.EventPublishingTestExecutionListener]
2023-01-14 19:55:35.350  INFO 24267 --- [    Test worker] .b.t.c.SpringBootTestContextBootstrapper : Using TestExecutionListeners: [org.springframework.test.context.web.ServletTestExecutionListener@47db20e0, org.springframework.test.context.support.DirtiesContextBeforeModesTestExecutionListener@78131a47, org.springframework.test.context.event.ApplicationEventsTestExecutionListener@5869f15f, org.springframework.boot.test.mock.mockito.MockitoTestExecutionListener@4c8ab21f, org.springframework.boot.test.autoconfigure.SpringBootDependencyInjectionTestExecutionListener@5248474e, org.springframework.test.context.support.DirtiesContextTestExecutionListener@3269ae62, org.springframework.test.context.transaction.TransactionalTestExecutionListener@259d5279, org.springframework.test.context.jdbc.SqlScriptsTestExecutionListener@3c9e169f, org.springframework.test.context.event.EventPublishingTestExecutionListener@2cfc4475, org.springframework.boot.test.autoconfigure.restdocs.RestDocsTestExecutionListener@5319f536, org.springframework.boot.test.autoconfigure.web.client.MockRestServiceServerResetTestExecutionListener@1c586bb6, org.springframework.boot.test.autoconfigure.web.servlet.MockMvcPrintOnlyOnFailureTestExecutionListener@503eac4c, org.springframework.boot.test.autoconfigure.web.servlet.WebDriverTestExecutionListener@1eaf95d2, org.springframework.boot.test.autoconfigure.webservices.client.MockWebServiceServerTestExecutionListener@2836374, org.springframework.boot.test.mock.mockito.ResetMocksTestExecutionListener@5d59ad49]
]]></system-out>
  <system-err><![CDATA[]]></system-err>
</testsuite>
