<?xml version="1.0" encoding="UTF-8"?>
<testsuite name="com.crud.tasks.service.SimpleEmailServiceTest" tests="1" skipped="0" failures="0" errors="0" timestamp="2023-01-14T18:55:35" hostname="Krzysztofs-MacBook-Pro.local" time="0.017">
  <properties/>
  <testcase name="shouldSendEmail()" classname="com.crud.tasks.service.SimpleEmailServiceTest" time="0.017"/>
  <system-out><![CDATA[2023-01-14 19:55:35.242  INFO 24267 --- [    Test worker] c.crud.tasks.service.SimpleEmailService  : Starting email preparation...
2023-01-14 19:55:35.242  INFO 24267 --- [    Test worker] c.crud.tasks.service.SimpleEmailService  : Cc has been added.
2023-01-14 19:55:35.242  INFO 24267 --- [    Test worker] c.crud.tasks.service.SimpleEmailService  : Email has been sent.
]]></system-out>
  <system-err><![CDATA[]]></system-err>
</testsuite>
