<?xml version="1.0" encoding="UTF-8"?>
<testsuite name="com.crud.tasks.controller.TrelloControllerTest" tests="3" skipped="0" failures="0" errors="0" timestamp="2023-01-14T18:49:51" hostname="Krzysztofs-MacBook-Pro.local" time="0.011">
  <properties/>
  <testcase name="shouldFetchTrelloBoards()" classname="com.crud.tasks.controller.TrelloControllerTest" time="0.004"/>
  <testcase name="shouldFetchEmptyTrelloBoards()" classname="com.crud.tasks.controller.TrelloControllerTest" time="0.002"/>
  <testcase name="shouldCreateTrelloCard()" classname="com.crud.tasks.controller.TrelloControllerTest" time="0.004"/>
  <system-out><![CDATA[2023-01-14 19:49:50.881  INFO 23715 --- [    Test worker] o.s.t.c.support.AbstractContextLoader    : Could not detect default resource locations for test class [com.crud.tasks.controller.TrelloControllerTest]: no resource found for suffixes {-context.xml, Context.groovy}.
2023-01-14 19:49:50.881  INFO 23715 --- [    Test worker] t.c.s.AnnotationConfigContextLoaderUtils : Could not detect default configuration classes for test class [com.crud.tasks.controller.TrelloControllerTest]: TrelloControllerTest does not declare any static, non-private, non-final, nested classes annotated with @Configuration.
2023-01-14 19:49:50.883  INFO 23715 --- [    Test worker] .b.t.c.SpringBootTestContextBootstrapper : Found @SpringBootConfiguration com.crud.tasks.TasksApplication for test class com.crud.tasks.controller.TrelloControllerTest
2023-01-14 19:49:50.884  INFO 23715 --- [    Test worker] .b.t.a.w.s.WebMvcTestContextBootstrapper : Loaded default TestExecutionListener class names from location [META-INF/spring.factories]: [org.springframework.boot.test.autoconfigure.restdocs.RestDocsTestExecutionListener, org.springframework.boot.test.autoconfigure.web.client.MockRestServiceServerResetTestExecutionListener, org.springframework.boot.test.autoconfigure.web.servlet.MockMvcPrintOnlyOnFailureTestExecutionListener, org.springframework.boot.test.autoconfigure.web.servlet.WebDriverTestExecutionListener, org.springframework.boot.test.autoconfigure.webservices.client.MockWebServiceServerTestExecutionListener, org.springframework.boot.test.mock.mockito.MockitoTestExecutionListener, org.springframework.boot.test.mock.mockito.ResetMocksTestExecutionListener, org.springframework.test.context.web.ServletTestExecutionListener, org.springframework.test.context.support.DirtiesContextBeforeModesTestExecutionListener, org.springframework.test.context.event.ApplicationEventsTestExecutionListener, org.springframework.test.context.support.DependencyInjectionTestExecutionListener, org.springframework.test.context.support.DirtiesContextTestExecutionListener, org.springframework.test.context.transaction.TransactionalTestExecutionListener, org.springframework.test.context.jdbc.SqlScriptsTestExecutionListener, org.springframework.test.context.event.EventPublishingTestExecutionListener]
2023-01-14 19:49:50.884  INFO 23715 --- [    Test worker] .b.t.a.w.s.WebMvcTestContextBootstrapper : Using TestExecutionListeners: [org.springframework.test.context.web.ServletTestExecutionListener@6baa673d, org.springframework.test.context.support.DirtiesContextBeforeModesTestExecutionListener@124b1369, org.springframework.test.context.event.ApplicationEventsTestExecutionListener@22bd6b0a, org.springframework.boot.test.mock.mockito.MockitoTestExecutionListener@221383c9, org.springframework.boot.test.autoconfigure.SpringBootDependencyInjectionTestExecutionListener@1a389b39, org.springframework.test.context.support.DirtiesContextTestExecutionListener@50a2034c, org.springframework.test.context.transaction.TransactionalTestExecutionListener@190ec769, org.springframework.test.context.jdbc.SqlScriptsTestExecutionListener@27bd124a, org.springframework.test.context.event.EventPublishingTestExecutionListener@7902a4d7, org.springframework.boot.test.autoconfigure.restdocs.RestDocsTestExecutionListener@397a70d8, org.springframework.boot.test.autoconfigure.web.client.MockRestServiceServerResetTestExecutionListener@56a0dd11, org.springframework.boot.test.autoconfigure.web.servlet.MockMvcPrintOnlyOnFailureTestExecutionListener@1940bacd, org.springframework.boot.test.autoconfigure.web.servlet.WebDriverTestExecutionListener@7508912e, org.springframework.boot.test.autoconfigure.webservices.client.MockWebServiceServerTestExecutionListener@1f9ec3e7, org.springframework.boot.test.mock.mockito.ResetMocksTestExecutionListener@4f86cd50]

  .   ____          _            __ _ _
 /\\ / ___'_ __ _ _(_)_ __  __ _ \ \ \ \
( ( )\___ | '_ | '_| | '_ \/ _` | \ \ \ \
 \\/  ___)| |_)| | | | | || (_| |  ) ) ) )
  '  |____| .__|_| |_|_| |_\__, | / / / /
 =========|_|==============|___/=/_/_/_/
 :: Spring Boot ::               (v2.5.14)

2023-01-14 19:49:50.897  INFO 23715 --- [    Test worker] c.c.t.controller.TrelloControllerTest    : Starting TrelloControllerTest using Java 17.0.2 on Krzysztofs-MacBook-Pro.local with PID 23715 (started by krzysztofblaszczyk in /Users/krzysztofblaszczyk/Documents/Development/Projects/Java/tasks/KodillaAPI)
2023-01-14 19:49:50.897  INFO 23715 --- [    Test worker] c.c.t.controller.TrelloControllerTest    : No active profile set, falling back to 1 default profile: "default"
2023-01-14 19:49:51.016  INFO 23715 --- [    Test worker] o.s.b.t.m.w.SpringBootMockServletContext : Initializing Spring TestDispatcherServlet ''
2023-01-14 19:49:51.017  INFO 23715 --- [    Test worker] o.s.t.web.servlet.TestDispatcherServlet  : Initializing Servlet ''
2023-01-14 19:49:51.017  INFO 23715 --- [    Test worker] o.s.t.web.servlet.TestDispatcherServlet  : Completed initialization in 0 ms
2023-01-14 19:49:51.020  INFO 23715 --- [    Test worker] c.c.t.controller.TrelloControllerTest    : Started TrelloControllerTest in 0.135 seconds (JVM running for 3.13)
]]></system-out>
  <system-err><![CDATA[]]></system-err>
</testsuite>
