<?xml version="1.0" encoding="UTF-8"?>
<testsuite name="com.crud.tasks.trello.mapper.TrelloMapperTestSuite" tests="6" skipped="0" failures="0" errors="0" timestamp="2023-01-13T18:48:41" hostname="Krzysztofs-MacBook-Pro.local" time="0.079">
  <properties/>
  <testcase name="testMapToListDto()" classname="com.crud.tasks.trello.mapper.TrelloMapperTestSuite" time="0.07"/>
  <testcase name="testMapToCardDto()" classname="com.crud.tasks.trello.mapper.TrelloMapperTestSuite" time="0.001"/>
  <testcase name="testMapToBoards()" classname="com.crud.tasks.trello.mapper.TrelloMapperTestSuite" time="0.001"/>
  <testcase name="testMapToCard()" classname="com.crud.tasks.trello.mapper.TrelloMapperTestSuite" time="0.001"/>
  <testcase name="testMapToList()" classname="com.crud.tasks.trello.mapper.TrelloMapperTestSuite" time="0.001"/>
  <testcase name="testMapToBoardsDto()" classname="com.crud.tasks.trello.mapper.TrelloMapperTestSuite" time="0.001"/>
  <system-out><![CDATA[19:48:39.524 [Test worker] DEBUG org.springframework.test.context.BootstrapUtils - Instantiating CacheAwareContextLoaderDelegate from class [org.springframework.test.context.cache.DefaultCacheAwareContextLoaderDelegate]
19:48:39.528 [Test worker] DEBUG org.springframework.test.context.BootstrapUtils - Instantiating BootstrapContext using constructor [public org.springframework.test.context.support.DefaultBootstrapContext(java.lang.Class,org.springframework.test.context.CacheAwareContextLoaderDelegate)]
19:48:39.542 [Test worker] DEBUG org.springframework.test.context.BootstrapUtils - Instantiating TestContextBootstrapper for test class [com.crud.tasks.trello.mapper.TrelloMapperTestSuite] from class [org.springframework.boot.test.context.SpringBootTestContextBootstrapper]
19:48:39.546 [Test worker] INFO org.springframework.boot.test.context.SpringBootTestContextBootstrapper - Neither @ContextConfiguration nor @ContextHierarchy found for test class [com.crud.tasks.trello.mapper.TrelloMapperTestSuite], using SpringBootContextLoader
19:48:39.548 [Test worker] DEBUG org.springframework.test.context.support.AbstractContextLoader - Did not detect default resource location for test class [com.crud.tasks.trello.mapper.TrelloMapperTestSuite]: class path resource [com/crud/tasks/trello/mapper/TrelloMapperTestSuite-context.xml] does not exist
19:48:39.548 [Test worker] DEBUG org.springframework.test.context.support.AbstractContextLoader - Did not detect default resource location for test class [com.crud.tasks.trello.mapper.TrelloMapperTestSuite]: class path resource [com/crud/tasks/trello/mapper/TrelloMapperTestSuiteContext.groovy] does not exist
19:48:39.548 [Test worker] INFO org.springframework.test.context.support.AbstractContextLoader - Could not detect default resource locations for test class [com.crud.tasks.trello.mapper.TrelloMapperTestSuite]: no resource found for suffixes {-context.xml, Context.groovy}.
19:48:39.549 [Test worker] INFO org.springframework.test.context.support.AnnotationConfigContextLoaderUtils - Could not detect default configuration classes for test class [com.crud.tasks.trello.mapper.TrelloMapperTestSuite]: TrelloMapperTestSuite does not declare any static, non-private, non-final, nested classes annotated with @Configuration.
19:48:39.567 [Test worker] DEBUG org.springframework.test.context.support.ActiveProfilesUtils - Could not find an 'annotation declaring class' for annotation type [org.springframework.test.context.ActiveProfiles] and class [com.crud.tasks.trello.mapper.TrelloMapperTestSuite]
19:48:39.594 [Test worker] DEBUG org.springframework.context.annotation.ClassPathScanningCandidateComponentProvider - Identified candidate component class: file [/Users/krzysztofblaszczyk/Library/Mobile Documents/com~apple~CloudDocs/Projects/Java/tasks/build/classes/java/main/com/crud/tasks/TasksApplication.class]
19:48:39.594 [Test worker] INFO org.springframework.boot.test.context.SpringBootTestContextBootstrapper - Found @SpringBootConfiguration com.crud.tasks.TasksApplication for test class com.crud.tasks.trello.mapper.TrelloMapperTestSuite
19:48:39.628 [Test worker] DEBUG org.springframework.boot.test.context.SpringBootTestContextBootstrapper - @TestExecutionListeners is not present for class [com.crud.tasks.trello.mapper.TrelloMapperTestSuite]: using defaults.
19:48:39.628 [Test worker] INFO org.springframework.boot.test.context.SpringBootTestContextBootstrapper - Loaded default TestExecutionListener class names from location [META-INF/spring.factories]: [org.springframework.boot.test.autoconfigure.restdocs.RestDocsTestExecutionListener, org.springframework.boot.test.autoconfigure.web.client.MockRestServiceServerResetTestExecutionListener, org.springframework.boot.test.autoconfigure.web.servlet.MockMvcPrintOnlyOnFailureTestExecutionListener, org.springframework.boot.test.autoconfigure.web.servlet.WebDriverTestExecutionListener, org.springframework.boot.test.autoconfigure.webservices.client.MockWebServiceServerTestExecutionListener, org.springframework.boot.test.mock.mockito.MockitoTestExecutionListener, org.springframework.boot.test.mock.mockito.ResetMocksTestExecutionListener, org.springframework.test.context.web.ServletTestExecutionListener, org.springframework.test.context.support.DirtiesContextBeforeModesTestExecutionListener, org.springframework.test.context.event.ApplicationEventsTestExecutionListener, org.springframework.test.context.support.DependencyInjectionTestExecutionListener, org.springframework.test.context.support.DirtiesContextTestExecutionListener, org.springframework.test.context.transaction.TransactionalTestExecutionListener, org.springframework.test.context.jdbc.SqlScriptsTestExecutionListener, org.springframework.test.context.event.EventPublishingTestExecutionListener]
19:48:39.635 [Test worker] INFO org.springframework.boot.test.context.SpringBootTestContextBootstrapper - Using TestExecutionListeners: [org.springframework.test.context.web.ServletTestExecutionListener@5b7ea70d, org.springframework.test.context.support.DirtiesContextBeforeModesTestExecutionListener@2bef51f2, org.springframework.test.context.event.ApplicationEventsTestExecutionListener@650eab8, org.springframework.boot.test.mock.mockito.MockitoTestExecutionListener@30f5a68a, org.springframework.boot.test.autoconfigure.SpringBootDependencyInjectionTestExecutionListener@1e1d3956, org.springframework.test.context.support.DirtiesContextTestExecutionListener@4f2c9ba6, org.springframework.test.context.transaction.TransactionalTestExecutionListener@4e28bdd1, org.springframework.test.context.jdbc.SqlScriptsTestExecutionListener@53f48368, org.springframework.test.context.event.EventPublishingTestExecutionListener@24d4d7c9, org.springframework.boot.test.autoconfigure.restdocs.RestDocsTestExecutionListener@f0e995e, org.springframework.boot.test.autoconfigure.web.client.MockRestServiceServerResetTestExecutionListener@4c37b5b, org.springframework.boot.test.autoconfigure.web.servlet.MockMvcPrintOnlyOnFailureTestExecutionListener@73db4768, org.springframework.boot.test.autoconfigure.web.servlet.WebDriverTestExecutionListener@71b3bc45, org.springframework.boot.test.autoconfigure.webservices.client.MockWebServiceServerTestExecutionListener@a8c1f44, org.springframework.boot.test.mock.mockito.ResetMocksTestExecutionListener@150ab4ed]
19:48:39.636 [Test worker] DEBUG org.springframework.test.context.support.AbstractDirtiesContextTestExecutionListener - Before test class: context [DefaultTestContext@1bb1fde8 testClass = TrelloMapperTestSuite, testInstance = [null], testMethod = [null], testException = [null], mergedContextConfiguration = [WebMergedContextConfiguration@15eebbff testClass = TrelloMapperTestSuite, locations = '{}', classes = '{class com.crud.tasks.TasksApplication}', contextInitializerClasses = '[]', activeProfiles = '{}', propertySourceLocations = '{}', propertySourceProperties = '{org.springframework.boot.test.context.SpringBootTestContextBootstrapper=true}', contextCustomizers = set[org.springframework.boot.test.autoconfigure.actuate.metrics.MetricsExportContextCustomizerFactory$DisableMetricExportContextCustomizer@2796aeae, org.springframework.boot.test.autoconfigure.properties.PropertyMappingContextCustomizer@0, org.springframework.boot.test.autoconfigure.web.servlet.WebDriverContextCustomizerFactory$Customizer@78641d23, org.springframework.boot.test.context.filter.ExcludeFilterContextCustomizer@2f67b837, org.springframework.boot.test.json.DuplicateJsonObjectContextCustomizerFactory$DuplicateJsonObjectContextCustomizer@291a7e3c, org.springframework.boot.test.mock.mockito.MockitoContextCustomizer@0, org.springframework.boot.test.web.client.TestRestTemplateContextCustomizer@3abada5a, org.springframework.boot.test.context.SpringBootTestArgs@1, org.springframework.boot.test.context.SpringBootTestWebEnvironment@3098cf3b], resourceBasePath = 'src/main/webapp', contextLoader = 'org.springframework.boot.test.context.SpringBootContextLoader', parent = [null]], attributes = map['org.springframework.test.context.web.ServletTestExecutionListener.activateListener' -> true]], class annotated with @DirtiesContext [false] with mode [null].

  .   ____          _            __ _ _
 /\\ / ___'_ __ _ _(_)_ __  __ _ \ \ \ \
( ( )\___ | '_ | '_| | '_ \/ _` | \ \ \ \
 \\/  ___)| |_)| | | | | || (_| |  ) ) ) )
  '  |____| .__|_| |_|_| |_\__, | / / / /
 =========|_|==============|___/=/_/_/_/
 :: Spring Boot ::                (v2.7.3)

2023-01-13 19:48:39.820  INFO 14693 --- [    Test worker] c.c.t.t.mapper.TrelloMapperTestSuite     : Starting TrelloMapperTestSuite using Java 17.0.2 on Krzysztofs-MacBook-Pro.local with PID 14693 (started by krzysztofblaszczyk in /Users/krzysztofblaszczyk/Library/Mobile Documents/com~apple~CloudDocs/Projects/Java/tasks)
2023-01-13 19:48:39.820  INFO 14693 --- [    Test worker] c.c.t.t.mapper.TrelloMapperTestSuite     : No active profile set, falling back to 1 default profile: "default"
2023-01-13 19:48:40.166  INFO 14693 --- [    Test worker] .s.d.r.c.RepositoryConfigurationDelegate : Bootstrapping Spring Data JPA repositories in DEFAULT mode.
2023-01-13 19:48:40.186  INFO 14693 --- [    Test worker] .s.d.r.c.RepositoryConfigurationDelegate : Finished Spring Data repository scanning in 16 ms. Found 1 JPA repository interfaces.
2023-01-13 19:48:40.434  INFO 14693 --- [    Test worker] o.hibernate.jpa.internal.util.LogHelper  : HHH000204: Processing PersistenceUnitInfo [name: default]
2023-01-13 19:48:40.457  INFO 14693 --- [    Test worker] org.hibernate.Version                    : HHH000412: Hibernate ORM core version 5.6.10.Final
2023-01-13 19:48:40.525  INFO 14693 --- [    Test worker] o.hibernate.annotations.common.Version   : HCANN000001: Hibernate Commons Annotations {5.1.2.Final}
2023-01-13 19:48:40.570  INFO 14693 --- [    Test worker] com.zaxxer.hikari.HikariDataSource       : HikariPool-1 - Starting...
2023-01-13 19:48:40.642  INFO 14693 --- [    Test worker] com.zaxxer.hikari.HikariDataSource       : HikariPool-1 - Start completed.
2023-01-13 19:48:40.648  INFO 14693 --- [    Test worker] org.hibernate.dialect.Dialect            : HHH000400: Using dialect: org.hibernate.dialect.MySQL57Dialect
2023-01-13 19:48:40.891  INFO 14693 --- [    Test worker] o.h.e.t.j.p.i.JtaPlatformInitiator       : HHH000490: Using JtaPlatform implementation: [org.hibernate.engine.transaction.jta.platform.internal.NoJtaPlatform]
2023-01-13 19:48:40.894  INFO 14693 --- [    Test worker] j.LocalContainerEntityManagerFactoryBean : Initialized JPA EntityManagerFactory for persistence unit 'default'
2023-01-13 19:48:41.131  WARN 14693 --- [    Test worker] JpaBaseConfiguration$JpaWebConfiguration : spring.jpa.open-in-view is enabled by default. Therefore, database queries may be performed during view rendering. Explicitly configure spring.jpa.open-in-view to disable this warning
2023-01-13 19:48:41.227  INFO 14693 --- [    Test worker] pertySourcedRequestMappingHandlerMapping : Mapped URL path [/v2/api-docs] onto method [springfox.documentation.swagger2.web.Swagger2Controller#getDocumentation(String, HttpServletRequest)]
2023-01-13 19:48:41.449  INFO 14693 --- [    Test worker] d.s.w.p.DocumentationPluginsBootstrapper : Context refreshed
2023-01-13 19:48:41.457  INFO 14693 --- [    Test worker] d.s.w.p.DocumentationPluginsBootstrapper : Found 1 custom documentation plugin(s)
2023-01-13 19:48:41.467  INFO 14693 --- [    Test worker] s.d.s.w.s.ApiListingReferenceScanner     : Scanning for api listing references
2023-01-13 19:48:41.530  INFO 14693 --- [    Test worker] c.c.t.t.mapper.TrelloMapperTestSuite     : Started TrelloMapperTestSuite in 1.878 seconds (JVM running for 2.324)
]]></system-out>
  <system-err><![CDATA[]]></system-err>
</testsuite>
