<?xml version="1.0" encoding="UTF-8"?>
<testsuite name="com.crud.tasks.trello.facade.TrelloFacadeTest" tests="2" skipped="0" failures="0" errors="0" timestamp="2023-01-14T18:55:35" hostname="Krzysztofs-MacBook-Pro.local" time="0.038">
  <properties/>
  <testcase name="shouldFetchTrelloBoards()" classname="com.crud.tasks.trello.facade.TrelloFacadeTest" time="0.037"/>
  <testcase name="shouldFetchEmptyList()" classname="com.crud.tasks.trello.facade.TrelloFacadeTest" time="0.0"/>
  <system-out><![CDATA[]]></system-out>
  <system-err><![CDATA[]]></system-err>
</testsuite>
