<?xml version="1.0" encoding="UTF-8"?>
<testsuite name="com.crud.tasks.trello.mapper.TrelloMapperTestSuite" tests="6" skipped="0" failures="0" errors="0" timestamp="2023-01-17T20:32:42" hostname="Krzysztofs-MacBook-Pro.local" time="0.009">
  <properties/>
  <testcase name="testMapToListDto()" classname="com.crud.tasks.trello.mapper.TrelloMapperTestSuite" time="0.002"/>
  <testcase name="testMapToCardDto()" classname="com.crud.tasks.trello.mapper.TrelloMapperTestSuite" time="0.001"/>
  <testcase name="testMapToBoards()" classname="com.crud.tasks.trello.mapper.TrelloMapperTestSuite" time="0.001"/>
  <testcase name="testMapToCard()" classname="com.crud.tasks.trello.mapper.TrelloMapperTestSuite" time="0.001"/>
  <testcase name="testMapToList()" classname="com.crud.tasks.trello.mapper.TrelloMapperTestSuite" time="0.001"/>
  <testcase name="testMapToBoardsDto()" classname="com.crud.tasks.trello.mapper.TrelloMapperTestSuite" time="0.001"/>
  <system-out><![CDATA[2023-01-17 21:32:42.209  INFO 1228 --- [    Test worker] .b.t.c.SpringBootTestContextBootstrapper : Neither @ContextConfiguration nor @ContextHierarchy found for test class [com.crud.tasks.trello.mapper.TrelloMapperTestSuite], using SpringBootContextLoader
2023-01-17 21:32:42.209  INFO 1228 --- [    Test worker] o.s.t.c.support.AbstractContextLoader    : Could not detect default resource locations for test class [com.crud.tasks.trello.mapper.TrelloMapperTestSuite]: no resource found for suffixes {-context.xml, Context.groovy}.
2023-01-17 21:32:42.210  INFO 1228 --- [    Test worker] t.c.s.AnnotationConfigContextLoaderUtils : Could not detect default configuration classes for test class [com.crud.tasks.trello.mapper.TrelloMapperTestSuite]: TrelloMapperTestSuite does not declare any static, non-private, non-final, nested classes annotated with @Configuration.
2023-01-17 21:32:42.211  INFO 1228 --- [    Test worker] .b.t.c.SpringBootTestContextBootstrapper : Found @SpringBootConfiguration com.crud.tasks.TasksApplication for test class com.crud.tasks.trello.mapper.TrelloMapperTestSuite
2023-01-17 21:32:42.212  INFO 1228 --- [    Test worker] .b.t.c.SpringBootTestContextBootstrapper : Loaded default TestExecutionListener class names from location [META-INF/spring.factories]: [org.springframework.boot.test.autoconfigure.restdocs.RestDocsTestExecutionListener, org.springframework.boot.test.autoconfigure.web.client.MockRestServiceServerResetTestExecutionListener, org.springframework.boot.test.autoconfigure.web.servlet.MockMvcPrintOnlyOnFailureTestExecutionListener, org.springframework.boot.test.autoconfigure.web.servlet.WebDriverTestExecutionListener, org.springframework.boot.test.autoconfigure.webservices.client.MockWebServiceServerTestExecutionListener, org.springframework.boot.test.mock.mockito.MockitoTestExecutionListener, org.springframework.boot.test.mock.mockito.ResetMocksTestExecutionListener, org.springframework.test.context.web.ServletTestExecutionListener, org.springframework.test.context.support.DirtiesContextBeforeModesTestExecutionListener, org.springframework.test.context.event.ApplicationEventsTestExecutionListener, org.springframework.test.context.support.DependencyInjectionTestExecutionListener, org.springframework.test.context.support.DirtiesContextTestExecutionListener, org.springframework.test.context.transaction.TransactionalTestExecutionListener, org.springframework.test.context.jdbc.SqlScriptsTestExecutionListener, org.springframework.test.context.event.EventPublishingTestExecutionListener]
2023-01-17 21:32:42.212  INFO 1228 --- [    Test worker] .b.t.c.SpringBootTestContextBootstrapper : Using TestExecutionListeners: [org.springframework.test.context.web.ServletTestExecutionListener@ef09e1, org.springframework.test.context.support.DirtiesContextBeforeModesTestExecutionListener@5b628376, org.springframework.test.context.event.ApplicationEventsTestExecutionListener@930b6f9, org.springframework.boot.test.mock.mockito.MockitoTestExecutionListener@15363eba, org.springframework.boot.test.autoconfigure.SpringBootDependencyInjectionTestExecutionListener@6d6e8dfc, org.springframework.test.context.support.DirtiesContextTestExecutionListener@2258ca14, org.springframework.test.context.transaction.TransactionalTestExecutionListener@2e5337d8, org.springframework.test.context.jdbc.SqlScriptsTestExecutionListener@ab40f46, org.springframework.test.context.event.EventPublishingTestExecutionListener@13ac7281, org.springframework.boot.test.autoconfigure.restdocs.RestDocsTestExecutionListener@7740028a, org.springframework.boot.test.autoconfigure.web.client.MockRestServiceServerResetTestExecutionListener@409a164d, org.springframework.boot.test.autoconfigure.web.servlet.MockMvcPrintOnlyOnFailureTestExecutionListener@6a7eef27, org.springframework.boot.test.autoconfigure.web.servlet.WebDriverTestExecutionListener@1ab6a093, org.springframework.boot.test.autoconfigure.webservices.client.MockWebServiceServerTestExecutionListener@6d95b51d, org.springframework.boot.test.mock.mockito.ResetMocksTestExecutionListener@7d2dfe9c]
]]></system-out>
  <system-err><![CDATA[]]></system-err>
</testsuite>
